PDOException: SQLSTATE[23000]: Integrity constraint violation: 1048 Column 'cantidad' cannot be null in C:\xampp\htdocs\src\php\SistemaProduccion\Movimientos.php:446
Stack trace:
#0 C:\xampp\htdocs\src\php\SistemaProduccion\Movimientos.php(446): PDOStatement->execute()
#1 C:\xampp\htdocs\src\php\SistemaProduccion\SubMovimientos.php(273): Movimientos->insertDetallesMermaInsumos('1', Array)
#2 C:\xampp\htdocs\src\php\SistemaProduccion\SubMovimientos.php(15): SubMovimientos->API()
#3 C:\xampp\htdocs\src\php\SistemaProduccion\SubMovimientos.php(382): SubMovimientos->__construct()
#4 {main}PDOException: SQLSTATE[42S22]: Column not found: 1054 Unknown column 'm.idMermaPlantas' in 'field list' in C:\xampp\htdocs\src\php\SistemaProduccion\Movimientos.php:270
Stack trace:
#0 C:\xampp\htdocs\src\php\SistemaProduccion\Movimientos.php(270): PDO->prepare('SELECT r.nombre...')
#1 C:\xampp\htdocs\src\php\SistemaProduccion\SubMovimientos.php(216): Movimientos->getMermaInsumo(5)
#2 C:\xampp\htdocs\src\php\SistemaProduccion\SubMovimientos.php(15): SubMovimientos->API()
#3 C:\xampp\htdocs\src\php\SistemaProduccion\SubMovimientos.php(382): SubMovimientos->__construct()
#4 {main}PDOException: SQLSTATE[42S22]: Column not found: 1054 Unknown column 'm.idMermaPlantas' in 'field list' in C:\xampp\htdocs\src\php\SistemaProduccion\Movimientos.php:270
Stack trace:
#0 C:\xampp\htdocs\src\php\SistemaProduccion\Movimientos.php(270): PDO->prepare('SELECT r.nombre...')
#1 C:\xampp\htdocs\src\php\SistemaProduccion\SubMovimientos.php(216): Movimientos->getMermaInsumo(5)
#2 C:\xampp\htdocs\src\php\SistemaProduccion\SubMovimientos.php(15): SubMovimientos->API()
#3 C:\xampp\htdocs\src\php\SistemaProduccion\SubMovimientos.php(382): SubMovimientos->__construct()
#4 {main}PDOException: SQLSTATE[42S22]: Column not found: 1054 Unknown column 'd.idInsumo' in 'on clause' in C:\xampp\htdocs\src\php\SistemaProduccion\Movimientos.php:94
Stack trace:
#0 C:\xampp\htdocs\src\php\SistemaProduccion\Movimientos.php(94): PDO->prepare('Select d.idDevo...')
#1 C:\xampp\htdocs\src\php\SistemaProduccion\SubMovimientos.php(81): Movimientos->getTableAllDevoluciones()
#2 C:\xampp\htdocs\src\php\SistemaProduccion\SubMovimientos.php(15): SubMovimientos->API()
#3 C:\xampp\htdocs\src\php\SistemaProduccion\SubMovimientos.php(382): SubMovimientos->__construct()
#4 {main}PDOException: SQLSTATE[42S22]: Column not found: 1054 Unknown column 'd.idInsumo' in 'on clause' in C:\xampp\htdocs\src\php\SistemaProduccion\Movimientos.php:94
Stack trace:
#0 C:\xampp\htdocs\src\php\SistemaProduccion\Movimientos.php(94): PDO->prepare('Select d.idDevo...')
#1 C:\xampp\htdocs\src\php\SistemaProduccion\SubMovimientos.php(81): Movimientos->getTableAllDevoluciones()
#2 C:\xampp\htdocs\src\php\SistemaProduccion\SubMovimientos.php(15): SubMovimientos->API()
#3 C:\xampp\htdocs\src\php\SistemaProduccion\SubMovimientos.php(382): SubMovimientos->__construct()
#4 {main}